<?xml version="1.0" encoding="UTF-8"?>
<!-- Generated by org.testng.reporters.JUnitXMLReporter -->
<testsuite hostname="Arpita-PC" ignored="0" name="Default test" tests="3" failures="0" timestamp="28 Aug 2019 21:35:57 GMT" time="157.085" errors="0">
  <testcase name="shouldThrowAnErrorIfSignInDetailsAreMissing" time="7.125" classname="com.testvagrant.cleartrip.tests.SignInTest"/>
  <testcase name="testThatResultsAppearForAOneWayJourney" time="32.436" classname="com.testvagrant.cleartrip.tests.FlightBookingTest"/>
  <testcase name="shouldBeAbleToSearchForHotels" time="26.453" classname="com.testvagrant.cleartrip.tests.HotelBookingTest"/>
</testsuite> <!-- Default test -->
