<?xml version="1.0" encoding="UTF-8"?>
<!-- Generated by org.testng.reporters.JUnitXMLReporter -->
<testsuite hostname="Arpita-PC" ignored="0" name="Default test" tests="2" failures="0" timestamp="28 Aug 2019 21:23:30 GMT" time="82.615" errors="0">
  <testcase name="shouldThrowAnErrorIfSignInDetailsAreMissing" time="4.507" classname="com.testvagrant.cleartrip.tests.SignInTest"/>
  <testcase name="testThatResultsAppearForAOneWayJourney" time="31.954" classname="com.testvagrant.cleartrip.tests.FlightBookingTest"/>
</testsuite> <!-- Default test -->
