<?xml version="1.0" encoding="UTF-8"?>
<testng-results skipped="0" failed="0" ignored="0" total="1" passed="1">
  <reporter-output>
  </reporter-output>
  <suite name="Default suite" duration-ms="33513" started-at="2019-08-28T20:24:18Z" finished-at="2019-08-28T20:24:52Z">
    <groups>
    </groups>
    <test name="Default test" duration-ms="33513" started-at="2019-08-28T20:24:18Z" finished-at="2019-08-28T20:24:52Z">
      <class name="SignInTest">
        <test-method status="PASS" signature="shouldThrowAnErrorIfSignInDetailsAreMissing()[pri:0, instance:SignInTest@8a9f61]" name="shouldThrowAnErrorIfSignInDetailsAreMissing" duration-ms="33426" started-at="2019-08-29T01:54:18Z" finished-at="2019-08-29T01:54:52Z">
          <reporter-output>
          </reporter-output>
        </test-method> <!-- shouldThrowAnErrorIfSignInDetailsAreMissing -->
      </class> <!-- SignInTest -->
    </test> <!-- Default test -->
  </suite> <!-- Default suite -->
</testng-results>
